<?xml version="1.0" encoding="UTF-8"?>
<!-- Generated by org.testng.reporters.JUnitReportReporter -->
<testsuite hostname="DESKTOP-LJUP405" failures="0" tests="1" name="testCases.Test_OnlineAdmisson" time="28.106" errors="0" timestamp="2025-01-08T11:42:31 IST" skipped="0">
  <testcase classname="testCases.Test_OnlineAdmisson" name="onlineadm" time="28.106"/>
  <system-out/>
</testsuite> <!-- testCases.Test_OnlineAdmisson -->
