<?xml version="1.0" encoding="UTF-8"?>
<!-- Generated by org.testng.reporters.JUnitReportReporter -->
<testsuite hostname="DESKTOP-LJUP405" failures="0" tests="1" name="testCases.Test_EmployeeCreation" time="128.010" errors="0" timestamp="2025-03-27T12:41:43 IST" skipped="0">
  <testcase classname="testCases.Test_EmployeeCreation" name="employeecreation" time="128.010"/>
  <system-out/>
</testsuite> <!-- testCases.Test_EmployeeCreation -->
