<?xml version="1.0" encoding="UTF-8"?>
<!-- Generated by org.testng.reporters.JUnitReportReporter -->
<testsuite hostname="DESKTOP-LJUP405" failures="0" tests="1" name="testRunner.LoginRunner" time="50.606" errors="0" timestamp="2025-01-23T14:58:18 IST" skipped="0">
  <testcase classname="testRunner.LoginRunner" name="runScenario" time="50.606"/>
  <system-out/>
</testsuite> <!-- testRunner.LoginRunner -->
