<?xml version="1.0" encoding="UTF-8"?>
<!-- Generated by org.testng.reporters.JUnitReportReporter -->
<testsuite hostname="DESKTOP-LJUP405" failures="0" tests="1" name="testCases.Test_EmployeeCreation" time="123.558" errors="0" timestamp="2025-03-26T18:24:03 IST" skipped="0">
  <testcase classname="testCases.Test_EmployeeCreation" name="employeecreation" time="123.558"/>
  <system-out/>
</testsuite> <!-- testCases.Test_EmployeeCreation -->
