<?xml version="1.0" encoding="UTF-8"?>
<!-- Generated by org.testng.reporters.JUnitReportReporter -->
<testsuite hostname="DESKTOP-LJUP405" failures="0" tests="1" name="testCases.Test_OnlineAdmisson" time="33.154" errors="0" timestamp="2025-01-17T11:37:12 IST" skipped="0">
  <testcase classname="testCases.Test_OnlineAdmisson" name="onlineadm" time="33.154"/>
  <system-out/>
</testsuite> <!-- testCases.Test_OnlineAdmisson -->
