<?xml version="1.0" encoding="UTF-8"?>
<!-- Generated by org.testng.reporters.JUnitReportReporter -->
<testsuite hostname="DESKTOP-LJUP405" failures="0" tests="1" name="testCases.Test_LoginPage" time="33.455" errors="0" timestamp="2025-01-07T10:28:52 IST" skipped="0">
  <testcase classname="testCases.Test_LoginPage" name="Login" time="33.455"/>
</testsuite> <!-- testCases.Test_LoginPage -->
